[debug] [2019-08-17T11:04:50.874Z] ----------------------------------------------------------------------
[debug] [2019-08-17T11:04:50.875Z] Command:       /usr/local/bin/node /usr/local/bin/firebase init
[debug] [2019-08-17T11:04:50.876Z] CLI Version:   7.2.2
[debug] [2019-08-17T11:04:50.876Z] Platform:      linux
[debug] [2019-08-17T11:04:50.876Z] Node Version:  v10.16.1
[debug] [2019-08-17T11:04:50.894Z] Time:          Sat Aug 17 2019 16:34:50 GMT+0530 (India Standard Time)
[debug] [2019-08-17T11:04:50.894Z] ----------------------------------------------------------------------
[debug] 
[debug] [2019-08-17T11:04:50.903Z] > command requires scopes: ["email","openid","https://www.googleapis.com/auth/cloudplatformprojects.readonly","https://www.googleapis.com/auth/firebase","https://www.googleapis.com/auth/cloud-platform"]
[debug] [2019-08-17T11:04:50.904Z] > authorizing via signed-in user
[info] 
     ######## #### ########  ######## ########     ###     ######  ########
     ##        ##  ##     ## ##       ##     ##  ##   ##  ##       ##
     ######    ##  ########  ######   ########  #########  ######  ######
     ##        ##  ##    ##  ##       ##     ## ##     ##       ## ##
     ##       #### ##     ## ######## ########  ##     ##  ######  ########

You're about to initialize a Firebase project in this directory:

  /home/antew/csgo_league

[info] 
=== Project Setup
[info] 
[info] First, let's associate this project directory with a Firebase project.
[info] You can create multiple project aliases by running firebase use --add, 
[info] but for now we'll just set up a default project.
[info] 
[debug] [2019-08-17T11:05:04.802Z] > refreshing access token with scopes: ["email","https://www.googleapis.com/auth/cloud-platform","https://www.googleapis.com/auth/cloudplatformprojects.readonly","https://www.googleapis.com/auth/firebase","openid"]
[debug] [2019-08-17T11:05:04.802Z] >>> HTTP REQUEST POST https://www.googleapis.com/oauth2/v3/token  
 <request body omitted>
[debug] [2019-08-17T11:05:05.497Z] <<< HTTP RESPONSE 200
[debug] [2019-08-17T11:05:05.540Z] >>> HTTP REQUEST GET https://firebase.googleapis.com/v1beta1/projects?page_size=100  
 
[debug] [2019-08-17T11:05:07.113Z] <<< HTTP RESPONSE 200
[info] 
=== Database Setup
[info] 
[info] Firebase Realtime Database Rules allow you to define how your data should be
[info] structured and when your data can be read from and written to.
[info] 
[debug] [2019-08-17T11:05:58.681Z] TypeError: Cannot read property 'setRawMode' of null
    at ReadStream.setRawMode (tty.js:69:28)
    at Interface._setRawMode (readline.js:269:16)
    at Interface.close (readline.js:394:10)
    at ReadStream.ontermend (readline.js:180:10)
    at ReadStream.emit (events.js:203:15)
    at ReadStream.EventEmitter.emit (domain.js:448:20)
    at endReadableNT (_stream_readable.js:1145:12)
    at process._tickCallback (internal/process/next_tick.js:63:19)
